========== OTSRenderer log ==========
[22-10-23_18:32:08]: == New session started (MT5Cl1m9JSSIjQn6QjtfwzIHco0oGdKm). ==
[22-10-23_18:33:34]: Processing file entry Grant Laird Grant Laird - https://pokepast.es/cd9d667b0e9481e3
[22-10-23_18:33:36]: Processed Grant Laird Grant Laird -> C:\Users\shair\Desktop\Test MSS\HTML\grant_laird_grant_laird_20231022.html
[22-10-23_18:33:36]: Processed Grant Laird Grant Laird -> C:\Users\shair\Desktop\Test MSS\PNG\grant_laird_grant_laird_20231022.png
[22-10-23_18:33:37]: Processing file entry James Evans James Evans - https://pokepast.es/0d2b100d4ef07dc5
[22-10-23_18:33:37]: ERROR - Value "Urshifu" not found.
[22-10-23_18:33:37]: Processing file entry Justin Tang Justin Tang - https://pokepast.es/f910c27360b11a8e
[22-10-23_18:33:38]: Processed Justin Tang Justin Tang -> C:\Users\shair\Desktop\Test MSS\HTML\justin_tang_justin_tang_20231022.html
[22-10-23_18:33:38]: Processed Justin Tang Justin Tang -> C:\Users\shair\Desktop\Test MSS\PNG\justin_tang_justin_tang_20231022.png
[22-10-23_18:33:39]: Processing file entry Joseph Ugarte Joseph Ugarte - https://pokepast.es/d3548449861c9522
[22-10-23_18:33:39]: ERROR - Value "Urshifu" not found.
[22-10-23_18:33:39]: Processing file entry Brian Youm Brian Youm - https://pokepast.es/1940469c11cd584f
[22-10-23_18:33:39]: Processed Brian Youm Brian Youm -> C:\Users\shair\Desktop\Test MSS\HTML\brian_youm_brian_youm_20231022.html
[22-10-23_18:33:39]: Processed Brian Youm Brian Youm -> C:\Users\shair\Desktop\Test MSS\PNG\brian_youm_brian_youm_20231022.png
[22-10-23_18:33:40]: Processing file entry Jacob Mortenson Jacob Mortenson - https://pokepast.es/f8f5a9435a69fc5f
[22-10-23_18:33:40]: Processed Jacob Mortenson Jacob Mortenson -> C:\Users\shair\Desktop\Test MSS\HTML\jacob_mortenson_jacob_mortenson_20231022.html
[22-10-23_18:33:41]: Processed Jacob Mortenson Jacob Mortenson -> C:\Users\shair\Desktop\Test MSS\PNG\jacob_mortenson_jacob_mortenson_20231022.png
[22-10-23_18:33:42]: Processing file entry Luca Paz Luca Paz - https://pokepast.es/6a4995ba2c33a766
[22-10-23_18:33:42]: Processed Luca Paz Luca Paz -> C:\Users\shair\Desktop\Test MSS\HTML\luca_paz_luca_paz_20231022.html
[22-10-23_18:33:42]: Processed Luca Paz Luca Paz -> C:\Users\shair\Desktop\Test MSS\PNG\luca_paz_luca_paz_20231022.png
[22-10-23_18:33:43]: Processing file entry Joshua Lorcy Joshua Lorcy - https://pokepast.es/b074a3751b0e30cd
[22-10-23_18:33:43]: Processed Joshua Lorcy Joshua Lorcy -> C:\Users\shair\Desktop\Test MSS\HTML\joshua_lorcy_joshua_lorcy_20231022.html
[22-10-23_18:33:43]: Processed Joshua Lorcy Joshua Lorcy -> C:\Users\shair\Desktop\Test MSS\PNG\joshua_lorcy_joshua_lorcy_20231022.png
[22-10-23_18:33:44]: Processing file entry Alex Landry Alex Landry - https://pokepast.es/281a7f2d72af804f
[22-10-23_18:33:44]: Processed Alex Landry Alex Landry -> C:\Users\shair\Desktop\Test MSS\HTML\alex_landry_alex_landry_20231022.html
[22-10-23_18:33:45]: Processed Alex Landry Alex Landry -> C:\Users\shair\Desktop\Test MSS\PNG\alex_landry_alex_landry_20231022.png
[22-10-23_18:33:46]: Processing file entry Thomas Hayden Thomas Hayden - https://pokepast.es/99c2335d7af1f925
[22-10-23_18:33:46]: ERROR - Value "Urshifu" not found.
[22-10-23_18:33:46]: Processing file entry 413x 413x - https://pokepast.es/346387fd37cb6ba1
[22-10-23_18:33:46]: Processed 413x 413x -> C:\Users\shair\Desktop\Test MSS\HTML\413x_413x_20231022.html
[22-10-23_18:33:46]: Processed 413x 413x -> C:\Users\shair\Desktop\Test MSS\PNG\413x_413x_20231022.png
[22-10-23_18:33:47]: Processing file entry Dominik Freund Dominik Freund - https://pokepast.es/33772be2cbcfdb52
[22-10-23_18:33:47]: ERROR - Value "Tornadus" not found.
[22-10-23_18:33:47]: Processing file entry Kastusdiea Kastusdiea - https://pokepast.es/2221ab4fc4e91a01
[22-10-23_18:33:47]: ERROR - Value "Tornadus" not found.
[22-10-23_18:33:47]: Processing file entry Setsuna Setsuna - https://pokepast.es/015003fda14cce5d
[22-10-23_18:33:47]: ERROR - Value "Tornadus" not found.
[22-10-23_18:33:47]: Processing file entry Adam Wright Adam Wright - https://pokepast.es/e92440f9a24f15c6
[22-10-23_18:33:48]: Processed Adam Wright Adam Wright -> C:\Users\shair\Desktop\Test MSS\HTML\adam_wright_adam_wright_20231022.html
[22-10-23_18:33:48]: Processed Adam Wright Adam Wright -> C:\Users\shair\Desktop\Test MSS\PNG\adam_wright_adam_wright_20231022.png
[22-10-23_18:33:49]: Processing file entry Kylian Duquesne Kylian Duquesne - https://pokepast.es/df318fa90472d065
[22-10-23_18:33:49]: Processed Kylian Duquesne Kylian Duquesne -> C:\Users\shair\Desktop\Test MSS\HTML\kylian_duquesne_kylian_duquesne_20231022.html
[22-10-23_18:33:49]: Processed Kylian Duquesne Kylian Duquesne -> C:\Users\shair\Desktop\Test MSS\PNG\kylian_duquesne_kylian_duquesne_20231022.png
[22-10-23_18:33:50]: Processing file entry Mirorbvgc Mirorbvgc - https://pokepast.es/132e2f4beae8cd8b
[22-10-23_18:33:50]: Processed Mirorbvgc Mirorbvgc -> C:\Users\shair\Desktop\Test MSS\HTML\mirorbvgc_mirorbvgc_20231022.html
[22-10-23_18:33:51]: Processed Mirorbvgc Mirorbvgc -> C:\Users\shair\Desktop\Test MSS\PNG\mirorbvgc_mirorbvgc_20231022.png
[22-10-23_18:33:52]: Processing file entry Saimal_poke Saimal_poke - https://pokepast.es/0e13b755cc48b5e3
[22-10-23_18:33:52]: Processed Saimal_poke Saimal_poke -> C:\Users\shair\Desktop\Test MSS\HTML\saimal_poke_saimal_poke_20231022.html
[22-10-23_18:33:52]: Processed Saimal_poke Saimal_poke -> C:\Users\shair\Desktop\Test MSS\PNG\saimal_poke_saimal_poke_20231022.png
[22-10-23_18:33:53]: Processing file entry Sheldon Sheldon - https://pokepast.es/94286dd0f04f50bb
[22-10-23_18:33:53]: Processed Sheldon Sheldon -> C:\Users\shair\Desktop\Test MSS\HTML\sheldon_sheldon_20231022.html
[22-10-23_18:33:53]: Processed Sheldon Sheldon -> C:\Users\shair\Desktop\Test MSS\PNG\sheldon_sheldon_20231022.png
[22-10-23_18:33:54]: Processing file entry Lily Lily - https://pokepast.es/b04ae0b0728925fb
[22-10-23_18:33:54]: Processed Lily Lily -> C:\Users\shair\Desktop\Test MSS\HTML\lily_lily_20231022.html
[22-10-23_18:33:55]: Processed Lily Lily -> C:\Users\shair\Desktop\Test MSS\PNG\lily_lily_20231022.png
[22-10-23_18:33:56]: Processing file entry Benjamin Gedaschke Benjamin Gedaschke - https://pokepast.es/f60f621aa777b15c
[22-10-23_18:33:56]: Processed Benjamin Gedaschke Benjamin Gedaschke -> C:\Users\shair\Desktop\Test MSS\HTML\benjamin_gedaschke_benjamin_gedaschke_20231022.html
[22-10-23_18:33:56]: Processed Benjamin Gedaschke Benjamin Gedaschke -> C:\Users\shair\Desktop\Test MSS\PNG\benjamin_gedaschke_benjamin_gedaschke_20231022.png
[22-10-23_18:33:57]: Processing file entry Concernedmomhs Concernedmomhs - https://pokepast.es/f6a14d0d8b8ff001
[22-10-23_18:33:57]: Processed Concernedmomhs Concernedmomhs -> C:\Users\shair\Desktop\Test MSS\HTML\concernedmomhs_concernedmomhs_20231022.html
[22-10-23_18:33:57]: Processed Concernedmomhs Concernedmomhs -> C:\Users\shair\Desktop\Test MSS\PNG\concernedmomhs_concernedmomhs_20231022.png
[22-10-23_18:33:58]: Processing file entry Sanghyeon Na Sanghyeon Na - https://pokepast.es/3bd7ce093762c3ac
[22-10-23_18:33:59]: Processed Sanghyeon Na Sanghyeon Na -> C:\Users\shair\Desktop\Test MSS\HTML\sanghyeon_na_sanghyeon_na_20231022.html
[22-10-23_18:33:59]: Processed Sanghyeon Na Sanghyeon Na -> C:\Users\shair\Desktop\Test MSS\PNG\sanghyeon_na_sanghyeon_na_20231022.png
[22-10-23_18:34:00]: Processing file entry Cloverbells Cloverbells - https://pokepast.es/e5fcf0386d2de4f6
[22-10-23_18:34:00]: ERROR - Value "Tornadus" not found.
[22-10-23_18:34:00]: Processing file entry Cloverbells Cloverbells_2 - https://pokepast.es/98873be0ac84f39a
[22-10-23_18:34:00]: Processed Cloverbells Cloverbells_2 -> C:\Users\shair\Desktop\Test MSS\HTML\cloverbells_cloverbells_2_20231022.html
[22-10-23_18:34:00]: Processed Cloverbells Cloverbells_2 -> C:\Users\shair\Desktop\Test MSS\PNG\cloverbells_cloverbells_2_20231022.png
[22-10-23_18:34:01]: Processing file entry Cloverbells Cloverbells_2_3 - https://pokepast.es/47e9cbdb8b411bd7
[22-10-23_18:34:01]: Processed Cloverbells Cloverbells_2_3 -> C:\Users\shair\Desktop\Test MSS\HTML\cloverbells_cloverbells_2_3_20231022.html
[22-10-23_18:34:02]: Processed Cloverbells Cloverbells_2_3 -> C:\Users\shair\Desktop\Test MSS\PNG\cloverbells_cloverbells_2_3_20231022.png
[22-10-23_18:34:03]: Processing file entry Cloverbells Cloverbells_2_3_4 - https://pokepast.es/01d58663871f6e99
[22-10-23_18:34:03]: Processed Cloverbells Cloverbells_2_3_4 -> C:\Users\shair\Desktop\Test MSS\HTML\cloverbells_cloverbells_2_3_4_20231022.html
[22-10-23_18:34:03]: Processed Cloverbells Cloverbells_2_3_4 -> C:\Users\shair\Desktop\Test MSS\PNG\cloverbells_cloverbells_2_3_4_20231022.png
[22-10-23_18:34:04]: Processing file entry Cloverbells Cloverbells_2_3_4_5 - https://pokepast.es/8fa38228baaf3212
[22-10-23_18:34:04]: Processed Cloverbells Cloverbells_2_3_4_5 -> C:\Users\shair\Desktop\Test MSS\HTML\cloverbells_cloverbells_2_3_4_5_20231022.html
[22-10-23_18:34:04]: Processed Cloverbells Cloverbells_2_3_4_5 -> C:\Users\shair\Desktop\Test MSS\PNG\cloverbells_cloverbells_2_3_4_5_20231022.png
